CHARMM General Force Field (CGenFF) program version 4.0
released June 2024
Copyright (C) 2020 SilcBio LLC
and University of Maryland, School of Pharmacy. All Rights Reserved.

Licensed to:
cgenff server
serverncgenff

License expires: Tue Dec 31 00:00:00 2030

readpar debug: read 683 bonds, 2501 angles, 7460 dihedrals, 203 impropers
               and 375437 characters worth of comments.
readmol2 warning: renaming non-unique atom C to C1 .
readmol2 warning: renaming non-unique atom C to C2 .
readmol2 warning: renaming non-unique atom C to C3 .
readmol2 warning: renaming non-unique atom C to C4 .
readmol2 warning: renaming non-unique atom C to C5 .
readmol2 warning: renaming non-unique atom C to C6 .
readmol2 warning: renaming non-unique atom C to C7 .
readmol2 warning: renaming non-unique atom C to C8 .
readmol2 warning: renaming non-unique atom C to C9 .
readmol2 warning: renaming non-unique atom C to C10 .
readmol2 warning: renaming non-unique atom C to C11 .
readmol2 warning: renaming non-unique atom C to C12 .
readmol2 warning: renaming non-unique atom C to C13 .
readmol2 warning: renaming non-unique atom C to C14 .
readmol2 warning: renaming non-unique atom C to C15 .
readmol2 warning: renaming non-unique atom C to C16 .
readmol2 warning: renaming non-unique atom C to C17 .
readmol2 warning: renaming non-unique atom C to C18 .
readmol2 warning: renaming non-unique atom C to C19 .
readmol2 warning: renaming non-unique atom C to C20 .
readmol2 warning: renaming non-unique atom C to C21 .
readmol2 warning: renaming non-unique atom H to H1 .
readmol2 warning: renaming non-unique atom H to H2 .
readmol2 warning: renaming non-unique atom H to H3 .
readmol2 warning: renaming non-unique atom H to H4 .
readmol2 warning: renaming non-unique atom H to H5 .
readmol2 warning: renaming non-unique atom H to H6 .
readmol2 warning: renaming non-unique atom H to H7 .
readmol2 warning: renaming non-unique atom H to H8 .
readmol2 warning: renaming non-unique atom H to H9 .
readmol2 warning: renaming non-unique atom H to H10 .
readmol2 warning: renaming non-unique atom H to H11 .
readmol2 warning: renaming non-unique atom H to H12 .
readmol2 warning: renaming non-unique atom H to H13 .
readmol2 warning: renaming non-unique atom H to H14 .
readmol2 warning: renaming non-unique atom H to H15 .
readmol2 warning: renaming non-unique atom H to H16 .
readmol2 warning: renaming non-unique atom H to H17 .
readmol2 warning: renaming non-unique atom H to H18 .
readmol2 warning: renaming non-unique atom H to H19 .
readmol2 warning: renaming non-unique atom H to H20 .
readmol2 warning: renaming non-unique atom H to H21 .
readmol2 warning: renaming non-unique atom H to H22 .
readmol2 warning: renaming non-unique atom H to H23 .
readmol2 warning: renaming non-unique atom H to H24 .
readmol2 warning: renaming non-unique atom H to H25 .
readmol2 warning: renaming non-unique atom H to H26 .
readmol2 warning: renaming non-unique atom H to H27 .
readmol2 warning: renaming non-unique atom H to H28 .
readmol2 warning: renaming non-unique atom H to H29 .
readmol2 warning: renaming non-unique atom H to H30 .
readmol2 warning: renaming non-unique atom N to N1 .
readmol2 warning: renaming non-unique atom N to N2 .
readmol2 warning: renaming non-unique atom N to N3 .
readmol2 warning: renaming non-unique atom N to N4 .
readmol2 warning: renaming non-unique atom N to N5 .
readmol2 warning: renaming non-unique atom N to N6 .
readmol2 warning: renaming non-unique atom N to N7 .
readmol2 warning: renaming non-unique atom O to O1 .
readmol2 warning: renaming non-unique atom O to O2 .
readmol2 warning: renaming non-unique atom O to O3 .
readmol2 warning: renaming non-unique atom O to O4 .
readmol2 warning: renaming non-unique atom O to O5 .
readmol2 warning: renaming non-unique atom O to O6 .
readmol2 warning: renaming non-unique atom O to O7 .
readmol2 warning: renaming non-unique atom O to O8 .
readmol2 warning: renaming non-unique atom O to O9 .
readmol2 warning: renaming non-unique atom O to O10 .
readmol2 warning: renaming non-unique atom O to O11 .
readmol2 warning: renaming non-unique atom O to O12 .
readmol2 warning: renaming non-unique atom O to O13 .
readmol2 warning: renaming non-unique atom O to O14 .
readmol2 warning: renaming non-unique atom O to O15 .
readmol2 warning: renaming non-unique atom O to O16 .
readmol2 warning: renaming non-unique atom O to O17 .
readmol2 warning: renaming non-unique atom P to P1 .
readmol2 warning: renaming non-unique atom P to P2 .
readmol2 warning: renaming non-unique atom P to P3 .
Now processing molecule NDP ...
ringper debug: stored 6-membered ring in stage 1.
ringper debug: stored 5-membered ring in stage 1.
ringper debug: stored 5-membered ring in stage 1.
ringper debug: stored 6-membered ring in stage 2.
ringper debug: stored 5-membered ring in stage 2.
ringper debug: added anchor for 5-membered ring in stage 2.
ringper debug: added anchor for 6-membered ring in stage 2.
resonance debug: found perfect resonance chain with
charge 0 ( 0 positive and 0 negative centers) and 0 potential aromatic rings
resonance debug: found perfect resonance chain with
charge 0 ( 0 positive and 0 negative centers) and 0 potential aromatic rings
paranalogy debug: finding analogy for dihedral CG3C51 CG3C51 OG303 PG0
paranalogy debug: finding analogy for dihedral HGA1 CG3C51 OG303 PG0
paranalogy debug: finding analogy for dihedral CG3C51 OG303 PG0 OG2P1
paranalogy debug: finding analogy for dihedral CG3C51 OG303 PG0 OG311
paranalogy debug: finding analogy for PG0 OG303 CG3C51
paranalogy debug: finding analogy for dihedral CG3C51 CG3C51 OG303 PG0
paranalogy debug: finding analogy for dihedral CG3C51 CG3C51 OG303 PG0
paranalogy debug: finding analogy for dihedral HGA1 CG3C51 OG303 PG0
paranalogy debug: finding analogy for dihedral CG3C51 OG303 PG0 OG2P1
paranalogy debug: finding analogy for dihedral CG3C51 OG303 PG0 OG311
paranalogy debug: finding analogy for dihedral CG3C51 OG303 PG0 OG311
paranalogy debug: finding analogy for PG0 OG303 CG3C51
